app/build/intermediates/manifest_merge_blame_file/debug/manifest-merger-blame-debug-report.txt
1<?xml version="1.0" encoding="utf-8"?>
2<manifest xmlns:android="http://schemas.android.com/apk/res/android"
3    package="nl.eduid.verifai"
4    android:versionCode="3"
5    android:versionName="4.8.0" >
6
7    <uses-sdk
8        android:minSdkVersion="21"
8-->src/main/AndroidManifest.xml
9        android:targetSdkVersion="31" />
9-->src/main/AndroidManifest.xml
10
11    <uses-feature android:name="android.hardware.camera" />
11-->src/main/AndroidManifest.xml:6:5-60
11-->src/main/AndroidManifest.xml:6:19-57
12
13    <uses-permission android:name="android.permission.CAMERA" />
13-->src/main/AndroidManifest.xml:8:5-65
13-->src/main/AndroidManifest.xml:8:22-62
14    <uses-permission android:name="android.permission.INTERNET" />
14-->src/main/AndroidManifest.xml:9:5-67
14-->src/main/AndroidManifest.xml:9:22-64
15    <uses-permission android:name="android.hardware.camera.autofocus" />
15-->src/main/AndroidManifest.xml:10:5-73
15-->src/main/AndroidManifest.xml:10:22-70
16    <uses-permission android:name="android.permission.VIBRATE" />
16-->[com.verifai:nfc:4.8.0] AndroidManifest.xml:9:5-66
16-->[com.verifai:nfc:4.8.0] AndroidManifest.xml:9:22-63
17    <uses-permission android:name="android.permission.NFC" />
17-->[com.verifai:nfc:4.8.0] AndroidManifest.xml:10:5-62
17-->[com.verifai:nfc:4.8.0] AndroidManifest.xml:10:22-59
18    <uses-permission android:name="android.permission.RECORD_AUDIO" />
18-->[com.verifai:liveness-check:4.8.0] AndroidManifest.xml:11:5-71
18-->[com.verifai:liveness-check:4.8.0] AndroidManifest.xml:11:22-68
19    <uses-permission android:name="android.permission.ACCESS_NETWORK_STATE" />
19-->[com.verifai:core:4.8.0] AndroidManifest.xml:11:5-79
19-->[com.verifai:core:4.8.0] AndroidManifest.xml:11:22-76
20    <uses-permission android:name="android.permission.WRITE_EXTERNAL_STORAGE" />
21    <uses-permission android:name="android.permission.READ_PHONE_STATE" />
22    <uses-permission android:name="android.permission.READ_EXTERNAL_STORAGE" />
23    <uses-permission android:name="android.permission.REORDER_TASKS" />
23-->[androidx.test:core:1.4.0] AndroidManifest.xml:24:5-72
23-->[androidx.test:core:1.4.0] AndroidManifest.xml:24:22-69
24
25    <application
25-->src/main/AndroidManifest.xml:12:5-72:15
26        android:allowBackup="false"
26-->src/main/AndroidManifest.xml:13:9-36
27        android:appComponentFactory="androidx.core.app.CoreComponentFactory"
27-->[androidx.core:core:1.7.0] AndroidManifest.xml:24:18-86
28        android:debuggable="true"
29        android:icon="@mipmap/ic_launcher"
29-->src/main/AndroidManifest.xml:14:9-43
30        android:label="@string/app_name"
30-->src/main/AndroidManifest.xml:15:9-41
31        android:roundIcon="@mipmap/ic_launcher_round"
31-->src/main/AndroidManifest.xml:16:9-54
32        android:supportsRtl="true"
32-->src/main/AndroidManifest.xml:17:9-35
33        android:testOnly="true"
34        android:theme="@style/AppTheme" >
34-->src/main/AndroidManifest.xml:18:9-40
35        <activity
35-->src/main/AndroidManifest.xml:20:9-28:20
36            android:name="nl.eduid.verifai.VerifaiResultActivity"
36-->src/main/AndroidManifest.xml:21:13-66
37            android:label="@string/title_activity_verifai_result"
37-->src/main/AndroidManifest.xml:22:13-66
38            android:parentActivityName="nl.eduid.verifai.MainActivity"
38-->src/main/AndroidManifest.xml:23:13-71
39            android:theme="@style/AppTheme.NoActionBar" >
39-->src/main/AndroidManifest.xml:24:13-56
40            <meta-data
40-->src/main/AndroidManifest.xml:25:13-27:68
41                android:name="android.support.PARENT_ACTIVITY"
41-->src/main/AndroidManifest.xml:26:17-63
42                android:value="com.verifai.example.MainActivity" />
42-->src/main/AndroidManifest.xml:27:17-65
43        </activity>
44        <activity
44-->src/main/AndroidManifest.xml:29:9-68:20
45            android:name="nl.eduid.verifai.MainActivity"
45-->src/main/AndroidManifest.xml:29:19-63
46            android:exported="true" >
46-->src/main/AndroidManifest.xml:30:13-36
47            <intent-filter>
47-->src/main/AndroidManifest.xml:31:13-34:29
48                <action android:name="android.intent.action.MAIN" />
48-->src/main/AndroidManifest.xml:32:17-69
48-->src/main/AndroidManifest.xml:32:25-66
49
50                <category android:name="android.intent.category.LAUNCHER" />
50-->src/main/AndroidManifest.xml:33:17-77
50-->src/main/AndroidManifest.xml:33:27-74
51            </intent-filter>
52            <intent-filter>
52-->src/main/AndroidManifest.xml:35:13-45:29
53                <action android:name="android.intent.action.VIEW" />
53-->src/main/AndroidManifest.xml:36:17-69
53-->src/main/AndroidManifest.xml:36:25-66
54
55                <category android:name="android.intent.category.DEFAULT" />
55-->src/main/AndroidManifest.xml:38:17-76
55-->src/main/AndroidManifest.xml:38:27-73
56                <category android:name="android.intent.category.BROWSABLE" />
56-->src/main/AndroidManifest.xml:39:17-78
56-->src/main/AndroidManifest.xml:39:27-75
57
58                <data
58-->src/main/AndroidManifest.xml:41:17-44:47
59                    android:host="test.eduid.nl"
59-->src/main/AndroidManifest.xml:43:21-49
60                    android:path="/verifai"
60-->src/main/AndroidManifest.xml:44:21-44
61                    android:scheme="https" />
61-->src/main/AndroidManifest.xml:42:21-43
62            </intent-filter>
63            <intent-filter>
63-->src/main/AndroidManifest.xml:46:13-56:29
64                <action android:name="android.intent.action.VIEW" />
64-->src/main/AndroidManifest.xml:36:17-69
64-->src/main/AndroidManifest.xml:36:25-66
65
66                <category android:name="android.intent.category.DEFAULT" />
66-->src/main/AndroidManifest.xml:38:17-76
66-->src/main/AndroidManifest.xml:38:27-73
67                <category android:name="android.intent.category.BROWSABLE" />
67-->src/main/AndroidManifest.xml:39:17-78
67-->src/main/AndroidManifest.xml:39:27-75
68
69                <data
69-->src/main/AndroidManifest.xml:41:17-44:47
70                    android:host="test2.eduid.nl"
70-->src/main/AndroidManifest.xml:43:21-49
71                    android:path="/verifai"
71-->src/main/AndroidManifest.xml:44:21-44
72                    android:scheme="https" />
72-->src/main/AndroidManifest.xml:42:21-43
73            </intent-filter>
74            <intent-filter>
74-->src/main/AndroidManifest.xml:57:13-67:29
75                <action android:name="android.intent.action.VIEW" />
75-->src/main/AndroidManifest.xml:36:17-69
75-->src/main/AndroidManifest.xml:36:25-66
76
77                <category android:name="android.intent.category.DEFAULT" />
77-->src/main/AndroidManifest.xml:38:17-76
77-->src/main/AndroidManifest.xml:38:27-73
78                <category android:name="android.intent.category.BROWSABLE" />
78-->src/main/AndroidManifest.xml:39:17-78
78-->src/main/AndroidManifest.xml:39:27-75
79
80                <data
80-->src/main/AndroidManifest.xml:41:17-44:47
81                    android:host="eduid.nl"
81-->src/main/AndroidManifest.xml:43:21-49
82                    android:path="/verifai"
82-->src/main/AndroidManifest.xml:44:21-44
83                    android:scheme="https" />
83-->src/main/AndroidManifest.xml:42:21-43
84            </intent-filter>
85        </activity>
86        <activity
86-->src/main/AndroidManifest.xml:69:9-71:20
87            android:name="nl.eduid.verifai.GeneralResultActivity"
87-->src/main/AndroidManifest.xml:69:19-72
88            android:exported="true" >
88-->src/main/AndroidManifest.xml:70:13-36
89        </activity>
90        <activity
90-->[com.verifai:nfc:4.8.0] AndroidManifest.xml:13:9-15:52
91            android:name="com.verifai.nfc.activities.VerifaiNfcScanActivity"
91-->[com.verifai:nfc:4.8.0] AndroidManifest.xml:14:13-77
92            android:screenOrientation="portrait" />
92-->[com.verifai:nfc:4.8.0] AndroidManifest.xml:15:13-49
93        <activity
93-->[com.verifai:liveness-check:4.8.0] AndroidManifest.xml:14:9-16:52
94            android:name="com.verifai.liveness.VerifaiLivenessActivity"
94-->[com.verifai:liveness-check:4.8.0] AndroidManifest.xml:15:13-72
95            android:screenOrientation="portrait" />
95-->[com.verifai:liveness-check:4.8.0] AndroidManifest.xml:16:13-49
96        <activity
96-->[com.verifai:core:4.8.0] AndroidManifest.xml:15:9-23:20
97            android:name="com.verifai.core.VerifaiCoreActivity"
97-->[com.verifai:core:4.8.0] AndroidManifest.xml:16:13-64
98            android:exported="true"
98-->[com.verifai:core:4.8.0] AndroidManifest.xml:17:13-36
99            android:screenOrientation="portrait"
99-->[com.verifai:core:4.8.0] AndroidManifest.xml:18:13-49
100            android:windowSoftInputMode="stateHidden" >
100-->[com.verifai:core:4.8.0] AndroidManifest.xml:19:13-54
101            <intent-filter>
101-->[com.verifai:core:4.8.0] AndroidManifest.xml:20:13-22:29
102                <action android:name="android.intent.action.MAIN" />
102-->src/main/AndroidManifest.xml:32:17-69
102-->src/main/AndroidManifest.xml:32:25-66
103            </intent-filter>
104        </activity>
105        <activity
105-->[androidx.compose.ui:ui-tooling:1.0.5] AndroidManifest.xml:25:9-27:39
106            android:name="androidx.compose.ui.tooling.PreviewActivity"
106-->[androidx.compose.ui:ui-tooling:1.0.5] AndroidManifest.xml:26:13-71
107            android:exported="true" />
107-->[androidx.compose.ui:ui-tooling:1.0.5] AndroidManifest.xml:27:13-36
108
109        <service
109-->[com.google.android.gms:play-services-mlkit-barcode-scanning:16.2.0] AndroidManifest.xml:9:9-15:19
110            android:name="com.google.mlkit.common.internal.MlKitComponentDiscoveryService"
110-->[com.google.android.gms:play-services-mlkit-barcode-scanning:16.2.0] AndroidManifest.xml:10:13-91
111            android:directBootAware="true"
111-->[com.google.mlkit:common:17.2.0] AndroidManifest.xml:17:13-43
112            android:exported="false" >
112-->[com.google.android.gms:play-services-mlkit-barcode-scanning:16.2.0] AndroidManifest.xml:11:13-37
113            <meta-data
113-->[com.google.android.gms:play-services-mlkit-barcode-scanning:16.2.0] AndroidManifest.xml:12:13-14:85
114                android:name="com.google.firebase.components:com.google.mlkit.vision.barcode.internal.BarcodeRegistrar"
114-->[com.google.android.gms:play-services-mlkit-barcode-scanning:16.2.0] AndroidManifest.xml:13:17-120
115                android:value="com.google.firebase.components.ComponentRegistrar" />
115-->[com.google.android.gms:play-services-mlkit-barcode-scanning:16.2.0] AndroidManifest.xml:14:17-82
116            <meta-data
116-->[com.google.android.gms:play-services-mlkit-face-detection:16.1.2] AndroidManifest.xml:12:13-14:85
117                android:name="com.google.firebase.components:com.google.mlkit.vision.face.internal.FaceRegistrar"
117-->[com.google.android.gms:play-services-mlkit-face-detection:16.1.2] AndroidManifest.xml:13:17-114
118                android:value="com.google.firebase.components.ComponentRegistrar" />
118-->[com.google.android.gms:play-services-mlkit-face-detection:16.1.2] AndroidManifest.xml:14:17-82
119            <meta-data
119-->[com.google.mlkit:vision-common:16.5.0] AndroidManifest.xml:12:13-14:85
120                android:name="com.google.firebase.components:com.google.mlkit.vision.common.internal.VisionCommonRegistrar"
120-->[com.google.mlkit:vision-common:16.5.0] AndroidManifest.xml:13:17-124
121                android:value="com.google.firebase.components.ComponentRegistrar" />
121-->[com.google.mlkit:vision-common:16.5.0] AndroidManifest.xml:14:17-82
122            <meta-data
122-->[com.google.mlkit:common:17.2.0] AndroidManifest.xml:20:13-22:85
123                android:name="com.google.firebase.components:com.google.mlkit.common.internal.CommonComponentRegistrar"
123-->[com.google.mlkit:common:17.2.0] AndroidManifest.xml:21:17-120
124                android:value="com.google.firebase.components.ComponentRegistrar" />
124-->[com.google.mlkit:common:17.2.0] AndroidManifest.xml:22:17-82
125        </service>
126
127        <provider
127-->[com.google.mlkit:common:17.2.0] AndroidManifest.xml:9:9-13:38
128            android:name="com.google.mlkit.common.internal.MlKitInitProvider"
128-->[com.google.mlkit:common:17.2.0] AndroidManifest.xml:10:13-78
129            android:authorities="nl.eduid.verifai.mlkitinitprovider"
129-->[com.google.mlkit:common:17.2.0] AndroidManifest.xml:11:13-69
130            android:exported="false"
130-->[com.google.mlkit:common:17.2.0] AndroidManifest.xml:12:13-37
131            android:initOrder="99" />
131-->[com.google.mlkit:common:17.2.0] AndroidManifest.xml:13:13-35
132
133        <activity
133-->[com.google.android.gms:play-services-base:17.6.0] AndroidManifest.xml:23:9-26:75
134            android:name="com.google.android.gms.common.api.GoogleApiActivity"
134-->[com.google.android.gms:play-services-base:17.6.0] AndroidManifest.xml:24:13-79
135            android:exported="false"
135-->[com.google.android.gms:play-services-base:17.6.0] AndroidManifest.xml:25:13-37
136            android:theme="@android:style/Theme.Translucent.NoTitleBar" />
136-->[com.google.android.gms:play-services-base:17.6.0] AndroidManifest.xml:26:13-72
137
138        <meta-data
138-->[com.google.android.gms:play-services-basement:17.6.0] AndroidManifest.xml:23:9-25:69
139            android:name="com.google.android.gms.version"
139-->[com.google.android.gms:play-services-basement:17.6.0] AndroidManifest.xml:24:13-58
140            android:value="@integer/google_play_services_version" />
140-->[com.google.android.gms:play-services-basement:17.6.0] AndroidManifest.xml:25:13-66
141
142        <provider
142-->[androidx.profileinstaller:profileinstaller:1.0.4] AndroidManifest.xml:26:9-34:20
143            android:name="androidx.startup.InitializationProvider"
143-->[androidx.profileinstaller:profileinstaller:1.0.4] AndroidManifest.xml:27:13-67
144            android:authorities="nl.eduid.verifai.androidx-startup"
144-->[androidx.profileinstaller:profileinstaller:1.0.4] AndroidManifest.xml:28:13-68
145            android:exported="false" >
145-->[androidx.profileinstaller:profileinstaller:1.0.4] AndroidManifest.xml:29:13-37
146            <meta-data
146-->[androidx.profileinstaller:profileinstaller:1.0.4] AndroidManifest.xml:31:13-33:52
147                android:name="androidx.profileinstaller.ProfileInstallerInitializer"
147-->[androidx.profileinstaller:profileinstaller:1.0.4] AndroidManifest.xml:32:17-85
148                android:value="androidx.startup" />
148-->[androidx.profileinstaller:profileinstaller:1.0.4] AndroidManifest.xml:33:17-49
149        </provider>
150
151        <receiver
151-->[androidx.profileinstaller:profileinstaller:1.0.4] AndroidManifest.xml:36:9-45:20
152            android:name="androidx.profileinstaller.ProfileInstallReceiver"
152-->[androidx.profileinstaller:profileinstaller:1.0.4] AndroidManifest.xml:37:13-76
153            android:directBootAware="false"
153-->[androidx.profileinstaller:profileinstaller:1.0.4] AndroidManifest.xml:38:13-44
154            android:enabled="true"
154-->[androidx.profileinstaller:profileinstaller:1.0.4] AndroidManifest.xml:39:13-35
155            android:exported="true"
155-->[androidx.profileinstaller:profileinstaller:1.0.4] AndroidManifest.xml:40:13-36
156            android:permission="android.permission.DUMP" >
156-->[androidx.profileinstaller:profileinstaller:1.0.4] AndroidManifest.xml:41:13-57
157            <intent-filter>
157-->[androidx.profileinstaller:profileinstaller:1.0.4] AndroidManifest.xml:42:13-44:29
158                <action android:name="androidx.profileinstaller.action.INSTALL_PROFILE" />
158-->[androidx.profileinstaller:profileinstaller:1.0.4] AndroidManifest.xml:43:17-91
158-->[androidx.profileinstaller:profileinstaller:1.0.4] AndroidManifest.xml:43:25-88
159            </intent-filter>
160        </receiver>
161
162        <provider
162-->[androidx.lifecycle:lifecycle-process:2.2.0] AndroidManifest.xml:25:9-29:43
163            android:name="androidx.lifecycle.ProcessLifecycleOwnerInitializer"
163-->[androidx.lifecycle:lifecycle-process:2.2.0] AndroidManifest.xml:26:13-79
164            android:authorities="nl.eduid.verifai.lifecycle-process"
164-->[androidx.lifecycle:lifecycle-process:2.2.0] AndroidManifest.xml:27:13-69
165            android:exported="false"
165-->[androidx.lifecycle:lifecycle-process:2.2.0] AndroidManifest.xml:28:13-37
166            android:multiprocess="true" />
166-->[androidx.lifecycle:lifecycle-process:2.2.0] AndroidManifest.xml:29:13-40
167
168        <activity
168-->[androidx.test:core:1.4.0] AndroidManifest.xml:27:9-34:20
169            android:name="androidx.test.core.app.InstrumentationActivityInvoker$BootstrapActivity"
169-->[androidx.test:core:1.4.0] AndroidManifest.xml:28:13-99
170            android:exported="true"
170-->[androidx.test:core:1.4.0] AndroidManifest.xml:29:13-36
171            android:theme="@android:style/Theme" >
171-->[androidx.test:core:1.4.0] AndroidManifest.xml:30:13-49
172            <intent-filter>
172-->[com.verifai:core:4.8.0] AndroidManifest.xml:20:13-22:29
173                <action android:name="android.intent.action.MAIN" />
173-->src/main/AndroidManifest.xml:32:17-69
173-->src/main/AndroidManifest.xml:32:25-66
174            </intent-filter>
175        </activity>
176        <activity
176-->[androidx.test:core:1.4.0] AndroidManifest.xml:35:9-42:20
177            android:name="androidx.test.core.app.InstrumentationActivityInvoker$EmptyActivity"
177-->[androidx.test:core:1.4.0] AndroidManifest.xml:36:13-95
178            android:exported="true"
178-->[androidx.test:core:1.4.0] AndroidManifest.xml:37:13-36
179            android:theme="@android:style/Theme" >
179-->[androidx.test:core:1.4.0] AndroidManifest.xml:38:13-49
180            <intent-filter>
180-->[com.verifai:core:4.8.0] AndroidManifest.xml:20:13-22:29
181                <action android:name="android.intent.action.MAIN" />
181-->src/main/AndroidManifest.xml:32:17-69
181-->src/main/AndroidManifest.xml:32:25-66
182            </intent-filter>
183        </activity>
184        <activity
184-->[androidx.test:core:1.4.0] AndroidManifest.xml:43:9-50:20
185            android:name="androidx.test.core.app.InstrumentationActivityInvoker$EmptyFloatingActivity"
185-->[androidx.test:core:1.4.0] AndroidManifest.xml:44:13-103
186            android:exported="true"
186-->[androidx.test:core:1.4.0] AndroidManifest.xml:45:13-36
187            android:theme="@android:style/Theme.Dialog" >
187-->[androidx.test:core:1.4.0] AndroidManifest.xml:46:13-56
188            <intent-filter>
188-->[com.verifai:core:4.8.0] AndroidManifest.xml:20:13-22:29
189                <action android:name="android.intent.action.MAIN" />
189-->src/main/AndroidManifest.xml:32:17-69
189-->src/main/AndroidManifest.xml:32:25-66
190            </intent-filter>
191        </activity>
192
193        <service
193-->[com.google.android.datatransport:transport-backend-cct:2.3.3] AndroidManifest.xml:29:9-35:19
194            android:name="com.google.android.datatransport.runtime.backends.TransportBackendDiscovery"
194-->[com.google.android.datatransport:transport-backend-cct:2.3.3] AndroidManifest.xml:30:13-103
195            android:exported="false" >
195-->[com.google.android.datatransport:transport-backend-cct:2.3.3] AndroidManifest.xml:31:13-37
196            <meta-data
196-->[com.google.android.datatransport:transport-backend-cct:2.3.3] AndroidManifest.xml:32:13-34:39
197                android:name="backend:com.google.android.datatransport.cct.CctBackendFactory"
197-->[com.google.android.datatransport:transport-backend-cct:2.3.3] AndroidManifest.xml:33:17-94
198                android:value="cct" />
198-->[com.google.android.datatransport:transport-backend-cct:2.3.3] AndroidManifest.xml:34:17-36
199        </service>
200        <service
200-->[com.google.android.datatransport:transport-runtime:2.2.6] AndroidManifest.xml:26:9-30:19
201            android:name="com.google.android.datatransport.runtime.scheduling.jobscheduling.JobInfoSchedulerService"
201-->[com.google.android.datatransport:transport-runtime:2.2.6] AndroidManifest.xml:27:13-117
202            android:exported="false"
202-->[com.google.android.datatransport:transport-runtime:2.2.6] AndroidManifest.xml:28:13-37
203            android:permission="android.permission.BIND_JOB_SERVICE" >
203-->[com.google.android.datatransport:transport-runtime:2.2.6] AndroidManifest.xml:29:13-69
204        </service>
205
206        <receiver
206-->[com.google.android.datatransport:transport-runtime:2.2.6] AndroidManifest.xml:32:9-34:40
207            android:name="com.google.android.datatransport.runtime.scheduling.jobscheduling.AlarmManagerSchedulerBroadcastReceiver"
207-->[com.google.android.datatransport:transport-runtime:2.2.6] AndroidManifest.xml:33:13-132
208            android:exported="false" />
208-->[com.google.android.datatransport:transport-runtime:2.2.6] AndroidManifest.xml:34:13-37
209    </application>
210
211</manifest>